
--- AI DEBUG LOG: 2025-06-22T16:50:11.678Z ---

User Location: berkeley, california
User Interests: ["food","nature","music","coffee","gaming"]
Excluded Titles (0):


--- AI DEBUG LOG: 2025-06-22T16:52:07.647Z ---

User Location: berkeley, california
User Interests: ["food","nature","music","coffee","gaming"]
Excluded Titles (5):
- Teahouse on Telegraph's Boba Challenge
- The Graduate Berkeley Coffee & Vinyl Quest
- The Cheese Board Collective Pizza Quest
- Coffee & Games at The Game Mechanic
- Cafe Strada's Coffee & People-Watching

--- AI DEBUG LOG: 2025-06-22T16:52:30.641Z ---

User Location: berkeley, california
User Interests: ["food","nature","music","coffee","gaming"]
Excluded Titles (5):
- Teahouse on Telegraph's Boba Challenge
- The Graduate Berkeley Coffee & Vinyl Quest
- The Cheese Board Collective Pizza Quest
- Coffee & Games at The Game Mechanic
- Cafe Strada's Coffee & People-Watching

--- AI DEBUG LOG: 2025-06-22T16:52:50.629Z ---

User Location: berkeley, california
User Interests: ["food","nature","music","coffee","gaming"]
Excluded Titles (5):
- Teahouse on Telegraph's Boba Challenge
- The Graduate Berkeley Coffee & Vinyl Quest
- The Cheese Board Collective Pizza Quest
- Coffee & Games at The Game Mechanic
- Cafe Strada's Coffee & People-Watching

--- AI DEBUG LOG: 2025-06-22T16:55:21.358Z ---

User Location: berkeley, california
User Interests: ["food","nature","music","coffee","gaming"]
Excluded Titles (11):
- Teahouse on Telegraph's Boba Challenge
- The Graduate Berkeley Coffee & Vinyl Quest
- Berkeley Bowl's Gourmet Picnic
- The Gourmet Ghetto's Cheese Board Collective
- The Cheese Board Collective Pizza Quest
- Coffee & Games at The Game Mechanic
- Cafe Strada's Coffee & People-Watching
- The Kebabery's Spicy Lamb Quest
- Berkeley Bowl's Flavor Fiesta
- Speakeasy's Acoustic Set at The Stork Club
- Hearst Mining Building's Musical Stroll

--- AI DEBUG LOG: 2025-06-22T17:29:45.802Z ---

User Location: philadelphia, pa
User Interests: ["nature","photography","fitness"]
Excluded Titles (0):


--- AI DEBUG LOG: 2025-06-22T17:29:53.234Z ---

User Location: philadelphia, pa
User Interests: ["nature","photography","fitness"]
Excluded Titles (0):


--- AI DEBUG LOG: 2025-06-22T17:31:05.805Z ---

User Location: philadelphia, pa
User Interests: ["nature","photography","fitness"]
Excluded Titles (8):
- Schuylkill Banks Boardwalk Photo Run
- Fairmount Park's Boathouse Row Sunrise Capture
- Rittenhouse Square Park Fitness Photography
- Schuylkill Banks Boardwalk Photo Run
- Schuylkill Banks Boardwalk Photo Run
- Schuylkill Banks Boardwalk Photo Run
- Schuylkill Banks Boardwalk Photography Hike
- Schuylkill Banks Boardwalk Photography Hike

--- AI DEBUG LOG: 2025-06-22T17:31:24.035Z ---

User Location: philadelphia, pa
User Interests: ["nature","photography","fitness"]
Excluded Titles (9):
- Schuylkill Banks Boardwalk Photo Run
- Fairmount Park's Boathouse Row Sunrise Capture
- Rittenhouse Square Park Fitness Photography
- Schuylkill Banks Boardwalk Photo Run
- Schuylkill Banks Boardwalk Photo Run
- Schuylkill Banks Boardwalk Photo Run
- Schuylkill Banks Boardwalk Photography Hike
- Schuylkill Banks Boardwalk Photography Hike
- Climbing the Wissahickon Valley Park Trails

--- AI DEBUG LOG: 2025-06-22T17:31:31.914Z ---

User Location: philadelphia, pa
User Interests: ["nature","photography","fitness"]
Excluded Titles (10):
- Schuylkill Banks Boardwalk Photo Run
- Fairmount Park's Boathouse Row Sunrise Capture
- Rittenhouse Square Park Fitness Photography
- Schuylkill Banks Boardwalk Photo Run
- Schuylkill Banks Boardwalk Photo Run
- Schuylkill Banks Boardwalk Photo Run
- Schuylkill Banks Boardwalk Photography Hike
- Schuylkill Banks Boardwalk Photography Hike
- Climbing the Wissahickon Valley Park Trails
- Pennypack Trail Photography Hike

--- AI DEBUG LOG: 2025-06-22T17:31:41.012Z ---

User Location: philadelphia, pa
User Interests: ["nature","photography","fitness"]
Excluded Titles (11):
- Schuylkill Banks Boardwalk Photo Run
- Fairmount Park's Boathouse Row Sunrise Capture
- Rittenhouse Square Park Fitness Photography
- Schuylkill Banks Boardwalk Photo Run
- Schuylkill Banks Boardwalk Photo Run
- Schuylkill Banks Boardwalk Photo Run
- Schuylkill Banks Boardwalk Photography Hike
- Schuylkill Banks Boardwalk Photography Hike
- Climbing the Wissahickon Valley Park Trails
- Pennypack Trail Photography Hike
- FDR Park Fitness Photography
